  test.c
D:\study\code\c_study_10_10\test_10_23\test_10_23\test.c(3,2): warning C4013: “printf”未定义；假设外部返回 int
test.obj : error LNK2019: 无法解析的外部符号 printf，函数 main 中引用了该符号
D:\study\code\c_study_10_10\test_10_23\x64\Debug\test_10_23.exe : fatal error LNK1120: 1 个无法解析的外部命令
